<?xml version="1.0" encoding="UTF-8"?>
<!-- Generated by org.testng.reporters.JUnitXMLReporter -->
<testsuite ignored="1" hostname="VIJAY" failures="0" tests="3" name="Default test" time="0.088" errors="0" timestamp="2024-07-29T02:59:15 IST">
  <testcase classname="TestNG.Priority_Invocation_enabled" name="demo1" time="0.013"/>
  <testcase classname="TestNG.Priority_Invocation_enabled" name="demo1" time="0.002"/>
  <testcase classname="TestNG.Priority_Invocation_enabled" name="demo3" time="0.002"/>
  <testcase classname="TestNG.Priority_Invocation_enabled" name="demo2" time="0.0">
    <ignored/>
  </testcase> <!-- demo2 -->
</testsuite> <!-- Default test -->
