<?xml version="1.0" encoding="UTF-8"?>
<!-- Generated by org.testng.reporters.JUnitXMLReporter -->
<testsuite ignored="2" hostname="VIJAY" failures="0" tests="2" name="Test" time="0.092" errors="0" timestamp="2024-07-29T03:49:33 IST">
  <testcase classname="TestNG_Group.Sample2" name="demo4" time="0.012"/>
  <testcase classname="TestNG_Group.Sample1" name="demo1" time="0.002"/>
  <testcase classname="TestNG_Group.Sample2" name="demo3" time="0.0">
    <ignored/>
  </testcase> <!-- demo3 -->
  <testcase classname="TestNG_Group.Sample1" name="demo2" time="0.0">
    <ignored/>
  </testcase> <!-- demo2 -->
</testsuite> <!-- Test -->
