<?xml version="1.0" encoding="UTF-8"?>
<testng-results ignored="2" total="4" passed="2" failed="0" skipped="0">
  <reporter-output>
  </reporter-output>
  <suite started-at="2024-07-29T03:49:33 IST" name="Suite" finished-at="2024-07-29T03:49:33 IST" duration-ms="92">
    <groups>
      <group name="smoke">
        <method signature="Sample1.demo1()[pri:0, instance:TestNG_Group.Sample1@3c7f66c4]" name="demo1" class="TestNG_Group.Sample1"/>
        <method signature="Sample2.demo4()[pri:0, instance:TestNG_Group.Sample2@7bd4937b]" name="demo4" class="TestNG_Group.Sample2"/>
      </group> <!-- smoke -->
    </groups>
    <test started-at="2024-07-29T03:49:33 IST" name="Test" finished-at="2024-07-29T03:49:33 IST" duration-ms="92">
      <class name="TestNG_Group.Sample2">
        <test-method signature="demo4()[pri:0, instance:TestNG_Group.Sample2@7bd4937b]" started-at="2024-07-29T03:49:33 IST" name="demo4" finished-at="2024-07-29T03:49:33 IST" duration-ms="12" status="PASS">
          <reporter-output>
          </reporter-output>
        </test-method> <!-- demo4 -->
      </class> <!-- TestNG_Group.Sample2 -->
      <class name="TestNG_Group.Sample1">
        <test-method signature="demo1()[pri:0, instance:TestNG_Group.Sample1@3c7f66c4]" started-at="2024-07-29T03:49:33 IST" name="demo1" finished-at="2024-07-29T03:49:33 IST" duration-ms="2" status="PASS">
          <reporter-output>
          </reporter-output>
        </test-method> <!-- demo1 -->
      </class> <!-- TestNG_Group.Sample1 -->
    </test> <!-- Test -->
  </suite> <!-- Suite -->
</testng-results>
